<?xml version="1.0" encoding="UTF-8"?>
<!-- Generated by org.testng.reporters.JUnitReportReporter -->
<testsuite hostname="DESKTOP-NO62424" failures="0" tests="1" name="testcases.TC001_AccountRegistractionTest" time="11.830" errors="0" timestamp="2024-11-28T23:20:12 IST" skipped="0">
  <testcase classname="testcases.TC001_AccountRegistractionTest" name="TC001_AccountRegistrationTest" time="11.830"/>
</testsuite> <!-- testcases.TC001_AccountRegistractionTest -->
